行 15: 控件 iltListFolder 的类 MSComctlLib.ImageList 不是一个已加载的控件类。
行 67: 控件 tbrSBBar 的类 MSComctlLib.Toolbar 不是一个已加载的控件类。
行 83: 控件 tbrSearch 的类 MSComctlLib.Toolbar 不是一个已加载的控件类。
行 106: 控件 icbSearch 的类 MSComctlLib.ImageCombo 不是一个已加载的控件类。
行 120: 控件 tbrBroswer 的类 MSComctlLib.Toolbar 不是一个已加载的控件类。
行 154: 控件 icbBrowse 的类 MSComctlLib.ImageCombo 不是一个已加载的控件类。
行 173: 控件 iltFav 的类 MSComctlLib.ImageList 不是一个已加载的控件类。
行 184: 控件 iltFavourite 的类 MSComctlLib.ImageList 不是一个已加载的控件类。
行 217: 控件 iltProgram 的类 MSComctlLib.ImageList 不是一个已加载的控件类。
行 295: 控件 iltMyDoc 的类 MSComctlLib.ImageList 不是一个已加载的控件类。
行 312: 控件 iltList 的类 MSComctlLib.ImageList 不是一个已加载的控件类。
行 362: 控件 iltColHeader 的类 MSComctlLib.ImageList 不是一个已加载的控件类。
行 384: 控件 iltListHeader 的类 MSComctlLib.ImageList 不是一个已加载的控件类。
行 450: 控件 iltSmall 的类 MSComctlLib.ImageList 不是一个已加载的控件类。
行 461: 控件 iltLarge 的类 MSComctlLib.ImageList 不是一个已加载的控件类。
行 511: 控件 iltFolder 的类 MSComctlLib.ImageList 不是一个已加载的控件类。
行 522: 控件 iltToolbarLarge 的类 MSComctlLib.ImageList 不是一个已加载的控件类。
行 596: 控件 iltToolbarSmall 的类 MSComctlLib.ImageList 不是一个已加载的控件类。
行 822: 控件 tbrPlayer 的类 MSComctlLib.Toolbar 不是一个已加载的控件类。
行 861: 控件 sldPos 的类 MSComctlLib.Slider 不是一个已加载的控件类。
行 878: 控件 stbDefault 的类 MSComctlLib.StatusBar 不是一个已加载的控件类。
行 911: 控件 tbrDefault 的类 MSComctlLib.Toolbar 不是一个已加载的控件类。
行 1095: 控件 tvwList 的类 MSComctlLib.TreeView 不是一个已加载的控件类。
行 1113: 控件 lvwList 的类 MSComctlLib.ListView 不是一个已加载的控件类。
行 1228: 控件 tbrList 的类 MSComctlLib.Toolbar 不是一个已加载的控件类。
行 1361: 控件 tvwProgram 的类 MSComctlLib.TreeView 不是一个已加载的控件类。
行 1378: 控件 lvwProgram 的类 MSComctlLib.ListView 不是一个已加载的控件类。
行 1402: 控件 tvwFavourite 的类 MSComctlLib.TreeView 不是一个已加载的控件类。
行 1422: 控件 lvwFile 的类 MSComctlLib.ListView 不是一个已加载的控件类。
行 1477: 控件 lvwFavourite 的类 MSComctlLib.ListView 不是一个已加载的控件类。
行 1537: 控件 tvwFolder 的类 MSComctlLib.TreeView 不是一个已加载的控件类。
行 1553: 控件 tvwMydoc 的类 MSComctlLib.TreeView 不是一个已加载的控件类。
行 1582: 控件 tbsFileBrowser 的类 MSComctlLib.TabStrip 不是一个已加载的控件类。
行 1639: 控件 iltAppHeader 的类 MSComctlLib.ImageList 不是一个已加载的控件类。
行 1713: 控件 iltTabs 的类 MSComctlLib.ImageList 不是一个已加载的控件类。
